<?xml version="1.0" encoding="UTF-8"?>
<!-- Generated by org.testng.reporters.JUnitXMLReporter -->
<testsuite ignored="0" hostname="C02FTD2CMD6M" failures="0" tests="3" name="BingSearchTest" time="11.209" errors="0" timestamp="20 Jul 2023 13:06:02 GMT">
  <testcase classname="BingSearchTest" name="testWeatherSearch" time="2.37"/>
  <testcase classname="ChatTest" name="testChatLink" time="3.397"/>
  <testcase classname="SettingsTest" name="testSettingsPage" time="4.785"/>
</testsuite> <!-- BingSearchTest -->
